quickstart.cloudera - - [30/Nov/2015 07:52:40] "GET / HTTP/1.1" 200 -
quickstart.cloudera - - [30/Nov/2015 07:52:41] "GET /css/blog.css HTTP/1.1" 200 -
quickstart.cloudera - - [30/Nov/2015 07:52:41] "GET /css/bootstrap.min.css HTTP/1.1" 200 -
quickstart.cloudera - - [30/Nov/2015 07:52:41] "GET /css/clipboard.css HTTP/1.1" 200 -
quickstart.cloudera - - [30/Nov/2015 07:52:41] "GET /js/jquery.min.js HTTP/1.1" 200 -
quickstart.cloudera - - [30/Nov/2015 07:52:41] "GET /js/bootstrap.min.js HTTP/1.1" 200 -
quickstart.cloudera - - [30/Nov/2015 07:52:41] "GET /js/angular.min.js HTTP/1.1" 200 -
quickstart.cloudera - - [30/Nov/2015 07:52:42] "GET /js/angular-route.min.js HTTP/1.1" 200 -
quickstart.cloudera - - [30/Nov/2015 07:52:42] "GET /js/config.js HTTP/1.1" 200 -
quickstart.cloudera - - [30/Nov/2015 07:52:42] "GET /js/ZeroClipboard.js HTTP/1.1" 200 -
quickstart.cloudera - - [30/Nov/2015 07:52:42] "GET /js/angular-zeroclipboard.js HTTP/1.1" 200 -
quickstart.cloudera - - [30/Nov/2015 07:52:42] "GET /js/main.js HTTP/1.1" 200 -
quickstart.cloudera - - [30/Nov/2015 07:52:43] "GET /partials/shared/navigation.html HTTP/1.1" 200 -
quickstart.cloudera - - [30/Nov/2015 07:52:43] "GET /partials/shared/footer.html HTTP/1.1" 200 -
quickstart.cloudera - - [30/Nov/2015 07:52:43] "GET /partials/guidance.html HTTP/1.1" 200 -
quickstart.cloudera - - [30/Nov/2015 07:52:43] "GET /media/cloudera_LIVE_lg.png HTTP/1.1" 200 -
quickstart.cloudera - - [30/Nov/2015 07:52:43] "GET /media/tn_training.gif HTTP/1.1" 200 -
quickstart.cloudera - - [30/Nov/2015 07:52:43] "GET /media/tn_hue.gif HTTP/1.1" 200 -
quickstart.cloudera - - [30/Nov/2015 07:52:43] "GET /media/tn_cm.gif HTTP/1.1" 200 -
quickstart.cloudera - - [30/Nov/2015 07:52:43] "GET /media/tn_cn.gif HTTP/1.1" 200 -
quickstart.cloudera - - [30/Nov/2015 07:52:43] "GET /media/tn_gogrid.gif HTTP/1.1" 200 -
quickstart.cloudera - - [30/Nov/2015 07:52:43] "GET /media/tn_zd_training.png HTTP/1.1" 200 -
quickstart.cloudera - - [30/Nov/2015 07:52:43] "GET /media/tn_zoomdata.gif HTTP/1.1" 200 -
quickstart.cloudera - - [30/Nov/2015 07:52:43] "GET /media/tn_tableau.gif HTTP/1.1" 200 -
quickstart.cloudera - - [30/Nov/2015 07:52:43] "GET /media/tn_trifacta_getting_started.png HTTP/1.1" 200 -
quickstart.cloudera - - [30/Nov/2015 07:52:43] "GET /media/tn_trifacta.gif HTTP/1.1" 200 -
quickstart.cloudera - - [30/Nov/2015 07:57:37] "GET /js/config.js HTTP/1.1" 200 -
quickstart.cloudera - - [30/Nov/2015 07:57:39] code 404, message File not found
quickstart.cloudera - - [30/Nov/2015 07:57:39] "GET /favicon.ico HTTP/1.1" 404 -
quickstart.cloudera - - [30/Nov/2015 07:57:39] code 404, message File not found
quickstart.cloudera - - [30/Nov/2015 07:57:39] "GET /favicon.ico HTTP/1.1" 404 -
quickstart.cloudera - - [30/Nov/2015 07:59:30] "GET /js/config.js HTTP/1.1" 200 -
quickstart.cloudera - - [30/Nov/2015 07:59:33] "GET /partials/tutorial/home.html HTTP/1.1" 200 -
quickstart.cloudera - - [30/Nov/2015 07:59:33] "GET /media/iconmonstr-smiley-wink-icon-24.png HTTP/1.1" 200 -
quickstart.cloudera - - [30/Nov/2015 07:59:42] "GET /partials/tutorial/getting_started.html HTTP/1.1" 200 -
quickstart.cloudera - - [30/Nov/2015 07:59:42] "GET /media/cloudera_manager_ex_1.png HTTP/1.1" 200 -
quickstart.cloudera - - [30/Nov/2015 07:59:42] "GET /media/restart_service.png HTTP/1.1" 200 -
quickstart.cloudera - - [30/Nov/2015 08:00:44] "GET /partials/tutorial/ingest_structured_data.html HTTP/1.1" 200 -
quickstart.cloudera - - [30/Nov/2015 08:00:44] "GET /media/image06.png HTTP/1.1" 200 -
quickstart.cloudera - - [30/Nov/2015 08:00:45] "GET /media/verify_sqoop_2.png HTTP/1.1" 200 -
quickstart.cloudera - - [30/Nov/2015 08:00:45] "GET /media/verify_sqoop_1.png HTTP/1.1" 200 -
quickstart.cloudera - - [30/Nov/2015 08:00:45] "GET /js/ZeroClipboard.swf?noCache=1448899244978 HTTP/1.1" 200 -
quickstart.cloudera - - [14/Dec/2015 02:09:00] "GET /js/config.js HTTP/1.1" 200 -
quickstart.cloudera - - [14/Dec/2015 02:57:52] "GET /js/ZeroClipboard.swf?noCache=1450090672933 HTTP/1.1" 200 -
quickstart.cloudera - - [14/Dec/2015 04:05:37] "GET /partials/tutorial/query_structured_data.html HTTP/1.1" 200 -
quickstart.cloudera - - [14/Dec/2015 04:05:38] "GET /media/hue_1.png HTTP/1.1" 200 -
quickstart.cloudera - - [14/Dec/2015 04:05:38] "GET /media/hue_2.png HTTP/1.1" 200 -
quickstart.cloudera - - [14/Dec/2015 04:05:38] "GET /media/hue_5.png HTTP/1.1" 200 -
quickstart.cloudera - - [14/Dec/2015 04:05:38] "GET /media/hue_6.png HTTP/1.1" 200 -
quickstart.cloudera - - [14/Dec/2015 04:05:38] "GET /media/hue_7.png HTTP/1.1" 200 -
quickstart.cloudera - - [14/Dec/2015 04:54:04] "GET /partials/tutorial/showing_big_data_value.html HTTP/1.1" 200 -
quickstart.cloudera - - [14/Dec/2015 04:54:04] "GET /media/cloudera_manager_ex_3.png HTTP/1.1" 200 -
quickstart.cloudera - - [14/Dec/2015 04:54:19] "GET /partials/tutorial/correlate_structured_and_unstructured_data.html HTTP/1.1" 200 -
quickstart.cloudera - - [14/Dec/2015 04:54:19] "GET /media/verify_hdfs_1.png HTTP/1.1" 200 -
quickstart.cloudera - - [14/Dec/2015 04:54:19] "GET /media/exercise_3.png HTTP/1.1" 200 -
quickstart.cloudera - - [14/Dec/2015 04:54:20] "GET /media/missing_product.png HTTP/1.1" 200 -
quickstart.cloudera - - [15/Dec/2015 00:49:26] "GET /partials/tutorial/advanced_analytics_in_the_same_platform.html HTTP/1.1" 200 -
quickstart.cloudera - - [15/Dec/2015 00:49:26] "GET /media/cloudera_manager_ex_5.png HTTP/1.1" 200 -
quickstart.cloudera - - [15/Dec/2015 00:49:38] "GET /partials/tutorial/relationship_strength_using_spark.html HTTP/1.1" 200 -
quickstart.cloudera - - [15/Dec/2015 00:49:38] "GET /media/spark_example_1.png HTTP/1.1" 200 -
quickstart.cloudera - - [15/Dec/2015 00:49:38] "GET /media/spark_results.png HTTP/1.1" 200 -
quickstart.cloudera - - [15/Dec/2015 00:58:31] "GET / HTTP/1.1" 200 -
quickstart.cloudera - - [15/Dec/2015 00:58:32] "GET /js/config.js HTTP/1.1" 200 -
quickstart.cloudera - - [15/Dec/2015 01:00:26] "GET /js/ZeroClipboard.swf?noCache=1450170026085 HTTP/1.1" 200 -
quickstart.cloudera - - [15/Dec/2015 01:07:57] "GET /js/config.js HTTP/1.1" 200 -
quickstart.cloudera - - [15/Dec/2015 01:08:03] "GET /js/ZeroClipboard.swf?noCache=1450170483420 HTTP/1.1" 200 -
quickstart.cloudera - - [15/Dec/2015 01:08:04] code 404, message File not found
quickstart.cloudera - - [15/Dec/2015 01:08:04] "GET /favicon.ico HTTP/1.1" 404 -
quickstart.cloudera - - [15/Dec/2015 01:08:59] "GET /js/ZeroClipboard.swf?noCache=1450170539673 HTTP/1.1" 200 -
quickstart.cloudera - - [15/Dec/2015 03:22:38] "GET /partials/tutorial/showing_data_hub_value.html HTTP/1.1" 200 -
quickstart.cloudera - - [15/Dec/2015 03:22:38] "GET /media/cloudera_manager_ex_4.png HTTP/1.1" 200 -
quickstart.cloudera - - [15/Dec/2015 03:25:39] "GET /partials/tutorial/explore_log_events.html HTTP/1.1" 200 -
quickstart.cloudera - - [15/Dec/2015 03:25:39] "GET /media/flume_1.png HTTP/1.1" 200 -
quickstart.cloudera - - [15/Dec/2015 03:25:39] "GET /media/solr_1.png HTTP/1.1" 200 -
quickstart.cloudera - - [15/Dec/2015 03:25:39] "GET /media/solr_2.png HTTP/1.1" 200 -
quickstart.cloudera - - [15/Dec/2015 03:25:39] "GET /media/solr_3.png HTTP/1.1" 200 -
quickstart.cloudera - - [15/Dec/2015 03:25:39] "GET /media/solr_4.png HTTP/1.1" 200 -
quickstart.cloudera - - [15/Dec/2015 03:25:39] "GET /media/log_generator.png HTTP/1.1" 200 -
quickstart.cloudera - - [15/Dec/2015 03:25:39] "GET /media/flume_2.png HTTP/1.1" 200 -
quickstart.cloudera - - [15/Dec/2015 03:25:39] "GET /media/search_index.png HTTP/1.1" 200 -
quickstart.cloudera - - [15/Dec/2015 03:25:39] "GET /media/flume_3.png HTTP/1.1" 200 -
quickstart.cloudera - - [15/Dec/2015 03:30:03] "GET /media/schema.xml.txt HTTP/1.1" 200 -
quickstart.cloudera - - [15/Dec/2015 03:47:28] "GET /media/flume.conf.txt HTTP/1.1" 200 -
quickstart.cloudera - - [15/Dec/2015 03:48:50] "GET /media/morphline.conf.txt HTTP/1.1" 200 -
quickstart.cloudera - - [15/Dec/2015 03:57:14] "GET /partials/tutorial/building_a_dashboard.html HTTP/1.1" 200 -
quickstart.cloudera - - [15/Dec/2015 03:57:15] "GET /media/hue_db_1.png HTTP/1.1" 200 -
quickstart.cloudera - - [15/Dec/2015 03:57:15] "GET /media/hue_db_2.png HTTP/1.1" 200 -
quickstart.cloudera - - [15/Dec/2015 03:57:15] "GET /media/hue_db_3.png HTTP/1.1" 200 -
quickstart.cloudera - - [15/Dec/2015 03:57:15] "GET /media/hue_db_4.png HTTP/1.1" 200 -
quickstart.cloudera - - [15/Dec/2015 03:57:15] "GET /media/hue_db_5.png HTTP/1.1" 200 -
quickstart.cloudera - - [15/Dec/2015 03:57:15] "GET /media/hue_db_6.png HTTP/1.1" 200 -
quickstart.cloudera - - [15/Dec/2015 03:57:15] "GET /media/hue_db_7.png HTTP/1.1" 200 -
quickstart.cloudera - - [15/Dec/2015 03:57:15] "GET /media/hue_db_8.png HTTP/1.1" 200 -
quickstart.cloudera - - [15/Dec/2015 03:57:15] "GET /media/hue_db_9.png HTTP/1.1" 200 -
quickstart.cloudera - - [15/Dec/2015 04:21:49] "GET /partials/tutorial/the_end_game.html HTTP/1.1" 200 -
quickstart.cloudera - - [15/Dec/2015 04:22:06] "GET /js/config.js HTTP/1.1" 200 -
quickstart.cloudera - - [15/Dec/2015 04:38:29] "GET / HTTP/1.1" 200 -
quickstart.cloudera - - [15/Dec/2015 04:57:41] "GET / HTTP/1.1" 200 -
quickstart.cloudera - - [15/Dec/2015 04:57:44] "GET /js/config.js HTTP/1.1" 200 -
quickstart.cloudera - - [15/Dec/2015 05:19:23] "GET / HTTP/1.1" 200 -
quickstart.cloudera - - [15/Dec/2015 05:19:25] "GET /js/config.js HTTP/1.1" 200 -
